<?xml version="1.0" encoding="utf-8"?>
<coverage line-rate="0.8765999999999999" branch-rate="0.7673000000000001" version="1.9" timestamp="1770303998" lines-covered="867" lines-valid="989" branches-covered="221" branches-valid="288">
  <sources>
    <source>D:\Project\Project_B\TheCoffeeCream\api\</source>
  </sources>
  <packages>
    <package name="TheCoffeeCream.Application" line-rate="0.867" branch-rate="0.7545999999999999" complexity="415">
      <classes>
        <class name="TheCoffeeCream.Application.DependencyInjection" filename="TheCoffeeCream.Application\DependencyInjection.cs" line-rate="0" branch-rate="1" complexity="1">
          <methods>
            <method name="AddApplication" signature="(Microsoft.Extensions.DependencyInjection.IServiceCollection)" line-rate="0" branch-rate="1" complexity="1">
              <lines>
                <line number="10" hits="0" branch="False" />
                <line number="11" hits="0" branch="False" />
                <line number="12" hits="0" branch="False" />
                <line number="13" hits="0" branch="False" />
                <line number="14" hits="0" branch="False" />
                <line number="15" hits="0" branch="False" />
                <line number="16" hits="0" branch="False" />
                <line number="18" hits="0" branch="False" />
                <line number="19" hits="0" branch="False" />
              </lines>
            </method>
          </methods>
          <lines>
            <line number="10" hits="0" branch="False" />
            <line number="11" hits="0" branch="False" />
            <line number="12" hits="0" branch="False" />
            <line number="13" hits="0" branch="False" />
            <line number="14" hits="0" branch="False" />
            <line number="15" hits="0" branch="False" />
            <line number="16" hits="0" branch="False" />
            <line number="18" hits="0" branch="False" />
            <line number="19" hits="0" branch="False" />
          </lines>
        </class>
        <class name="TheCoffeeCream.Application.Services.AuthService" filename="TheCoffeeCream.Application\Services\AuthService.cs" line-rate="1" branch-rate="1" complexity="1">
          <methods>
            <method name=".ctor" signature="(TheCoffeeCream.Application.Interfaces.IUserRepository,TheCoffeeCream.Application.Interfaces.IShopRepository,TheCoffeeCream.Application.Interfaces.IEmailService,TheCoffeeCream.Application.Interfaces.ITokenService,TheCoffeeCream.Application.Interfaces.IPlanRepository,TheCoffeeCream.Application.Interfaces.ISubscriptionHistoryRepository)" line-rate="1" branch-rate="1" complexity="1">
              <lines>
                <line number="22" hits="14" branch="False" />
                <line number="23" hits="14" branch="False" />
                <line number="24" hits="14" branch="False" />
                <line number="25" hits="14" branch="False" />
                <line number="26" hits="14" branch="False" />
                <line number="27" hits="14" branch="False" />
                <line number="28" hits="14" branch="False" />
                <line number="29" hits="14" branch="False" />
                <line number="30" hits="14" branch="False" />
              </lines>
            </method>
          </methods>
          <lines>
            <line number="22" hits="14" branch="False" />
            <line number="23" hits="14" branch="False" />
            <line number="24" hits="14" branch="False" />
            <line number="25" hits="14" branch="False" />
            <line number="26" hits="14" branch="False" />
            <line number="27" hits="14" branch="False" />
            <line number="28" hits="14" branch="False" />
            <line number="29" hits="14" branch="False" />
            <line number="30" hits="14" branch="False" />
          </lines>
        </class>
        <class name="TheCoffeeCream.Application.Services.AuthService/&lt;&gt;c" filename="TheCoffeeCream.Application\Services\AuthService.cs" line-rate="1" branch-rate="1" complexity="1">
          <methods>
            <method name="&lt;RegisterShopAsync&gt;b__9_1" signature="(TheCoffeeCream.Domain.Entities.Plan)" line-rate="1" branch-rate="1" complexity="1">
              <lines>
                <line number="114" hits="6" branch="False" />
              </lines>
            </method>
          </methods>
          <lines>
            <line number="114" hits="6" branch="False" />
          </lines>
        </class>
        <class name="TheCoffeeCream.Application.Services.AuthService/&lt;&gt;c__DisplayClass9_0" filename="TheCoffeeCream.Application\Services\AuthService.cs" line-rate="1" branch-rate="1" complexity="1">
          <methods>
            <method name="&lt;RegisterShopAsync&gt;b__0" signature="(TheCoffeeCream.Domain.Entities.Plan)" line-rate="1" branch-rate="1" complexity="1">
              <lines>
                <line number="109" hits="8" branch="False" />
              </lines>
            </method>
          </methods>
          <lines>
            <line number="109" hits="8" branch="False" />
          </lines>
        </class>
        <class name="TheCoffeeCream.Application.Services.AuthService/&lt;LoginAsync&gt;d__7" filename="TheCoffeeCream.Application\Services\AuthService.cs" line-rate="0.8946999999999999" branch-rate="0.9375" complexity="16">
          <methods>
            <method name="MoveNext" signature="()" line-rate="0.8946999999999999" branch-rate="0.9375" complexity="16">
              <lines>
                <line number="33" hits="6" branch="False" />
                <line number="34" hits="6" branch="False" />
                <line number="43" hits="6" branch="True" condition-coverage="100% (2/2)">
                  <conditions>
                    <condition number="189" type="jump" coverage="100%" />
                  </conditions>
                </line>
                <line number="44" hits="1" branch="False" />
                <line number="45" hits="1" branch="False" />
                <line number="46" hits="1" branch="False" />
                <line number="51" hits="5" branch="False" />
                <line number="52" hits="5" branch="True" condition-coverage="100% (2/2)">
                  <conditions>
                    <condition number="254" type="jump" coverage="100%" />
                  </conditions>
                </line>
                <line number="53" hits="1" branch="False" />
                <line number="54" hits="1" branch="False" />
                <line number="55" hits="1" branch="False" />
                <line number="57" hits="4" branch="False" />
                <line number="58" hits="0" branch="False" />
                <line number="59" hits="0" branch="False" />
                <line number="60" hits="0" branch="False" />
                <line number="61" hits="0" branch="False" />
                <line number="65" hits="4" branch="False" />
                <line number="66" hits="4" branch="True" condition-coverage="100% (4/4)">
                  <conditions>
                    <condition number="484" type="jump" coverage="100%" />
                    <condition number="514" type="jump" coverage="100%" />
                  </conditions>
                </line>
                <line number="67" hits="3" branch="False" />
                <line number="68" hits="3" branch="True" condition-coverage="100% (4/4)">
                  <conditions>
                    <condition number="531" type="jump" coverage="100%" />
                    <condition number="561" type="jump" coverage="100%" />
                  </conditions>
                </line>
                <line number="69" hits="2" branch="False" />
                <line number="70" hits="2" branch="False" />
                <line number="71" hits="2" branch="False" />
                <line number="73" hits="1" branch="False" />
                <line number="74" hits="1" branch="True" condition-coverage="75% (3/4)">
                  <conditions>
                    <condition number="694" type="jump" coverage="50%" />
                    <condition number="724" type="jump" coverage="100%" />
                  </conditions>
                </line>
                <line number="75" hits="1" branch="False" />
                <line number="76" hits="1" branch="False" />
                <line number="77" hits="1" branch="False" />
                <line number="81" hits="1" branch="False" />
                <line number="82" hits="1" branch="False" />
                <line number="83" hits="1" branch="False" />
                <line number="85" hits="1" branch="False" />
                <line number="86" hits="1" branch="False" />
                <line number="87" hits="1" branch="False" />
                <line number="88" hits="1" branch="False" />
                <line number="89" hits="1" branch="False" />
                <line number="90" hits="1" branch="False" />
                <line number="91" hits="6" branch="False" />
              </lines>
            </method>
          </methods>
          <lines>
            <line number="33" hits="6" branch="False" />
            <line number="34" hits="6" branch="False" />
            <line number="43" hits="6" branch="True" condition-coverage="100% (2/2)">
              <conditions>
                <condition number="189" type="jump" coverage="100%" />
              </conditions>
            </line>
            <line number="44" hits="1" branch="False" />
            <line number="45" hits="1" branch="False" />
            <line number="46" hits="1" branch="False" />
            <line number="51" hits="5" branch="False" />
            <line number="52" hits="5" branch="True" condition-coverage="100% (2/2)">
              <conditions>
                <condition number="254" type="jump" coverage="100%" />
              </conditions>
            </line>
            <line number="53" hits="1" branch="False" />
            <line number="54" hits="1" branch="False" />
            <line number="55" hits="1" branch="False" />
            <line number="57" hits="4" branch="False" />
            <line number="58" hits="0" branch="False" />
            <line number="59" hits="0" branch="False" />
            <line number="60" hits="0" branch="False" />
            <line number="61" hits="0" branch="False" />
            <line number="65" hits="4" branch="False" />
            <line number="66" hits="4" branch="True" condition-coverage="100% (4/4)">
              <conditions>
                <condition number="484" type="jump" coverage="100%" />
                <condition number="514" type="jump" coverage="100%" />
              </conditions>
            </line>
            <line number="67" hits="3" branch="False" />
            <line number="68" hits="3" branch="True" condition-coverage="100% (4/4)">
              <conditions>
                <condition number="531" type="jump" coverage="100%" />
                <condition number="561" type="jump" coverage="100%" />
              </conditions>
            </line>
            <line number="69" hits="2" branch="False" />
            <line number="70" hits="2" branch="False" />
            <line number="71" hits="2" branch="False" />
            <line number="73" hits="1" branch="False" />
            <line number="74" hits="1" branch="True" condition-coverage="75% (3/4)">
              <conditions>
                <condition number="694" type="jump" coverage="50%" />
                <condition number="724" type="jump" coverage="100%" />
              </conditions>
            </line>
            <line number="75" hits="1" branch="False" />
            <line number="76" hits="1" branch="False" />
            <line number="77" hits="1" branch="False" />
            <line number="81" hits="1" branch="False" />
            <line number="82" hits="1" branch="False" />
            <line number="83" hits="1" branch="False" />
            <line number="85" hits="1" branch="False" />
            <line number="86" hits="1" branch="False" />
            <line number="87" hits="1" branch="False" />
            <line number="88" hits="1" branch="False" />
            <line number="89" hits="1" branch="False" />
            <line number="90" hits="1" branch="False" />
            <line number="91" hits="6" branch="False" />
          </lines>
        </class>
        <class name="TheCoffeeCream.Application.Services.AuthService/&lt;LogoutAsync&gt;d__8" filename="TheCoffeeCream.Application\Services\AuthService.cs" line-rate="1" branch-rate="1" complexity="2">
          <methods>
            <method name="MoveNext" signature="()" line-rate="1" branch-rate="1" complexity="2">
              <lines>
                <line number="94" hits="1" branch="False" />
                <line number="95" hits="1" branch="False" />
                <line number="96" hits="1" branch="True" condition-coverage="100% (2/2)">
                  <conditions>
                    <condition number="173" type="jump" coverage="100%" />
                  </conditions>
                </line>
                <line number="97" hits="1" branch="False" />
                <line number="98" hits="1" branch="False" />
                <line number="99" hits="1" branch="False" />
                <line number="100" hits="1" branch="False" />
                <line number="101" hits="1" branch="False" />
              </lines>
            </method>
          </methods>
          <lines>
            <line number="94" hits="1" branch="False" />
            <line number="95" hits="1" branch="False" />
            <line number="96" hits="1" branch="True" condition-coverage="100% (2/2)">
              <conditions>
                <condition number="173" type="jump" coverage="100%" />
              </conditions>
            </line>
            <line number="97" hits="1" branch="False" />
            <line number="98" hits="1" branch="False" />
            <line number="99" hits="1" branch="False" />
            <line number="100" hits="1" branch="False" />
            <line number="101" hits="1" branch="False" />
          </lines>
        </class>
        <class name="TheCoffeeCream.Application.Services.AuthService/&lt;RegisterShopAsync&gt;d__9" filename="TheCoffeeCream.Application\Services\AuthService.cs" line-rate="0.9767" branch-rate="0.9" complexity="10">
          <methods>
            <method name="MoveNext" signature="()" line-rate="0.9767" branch-rate="0.9" complexity="10">
              <lines>
                <line number="104" hits="4" branch="False" />
                <line number="105" hits="4" branch="False" />
                <line number="108" hits="4" branch="False" />
                <line number="111" hits="4" branch="True" condition-coverage="100% (2/2)">
                  <conditions>
                    <condition number="304" type="jump" coverage="100%" />
                  </conditions>
                </line>
                <line number="112" hits="3" branch="False" />
                <line number="117" hits="3" branch="True" condition-coverage="100% (2/2)">
                  <conditions>
                    <condition number="371" type="jump" coverage="100%" />
                  </conditions>
                </line>
                <line number="118" hits="2" branch="False" />
                <line number="119" hits="2" branch="False" />
                <line number="120" hits="2" branch="False" />
                <line number="121" hits="2" branch="False" />
                <line number="122" hits="2" branch="False" />
                <line number="123" hits="2" branch="False" />
                <line number="124" hits="2" branch="False" />
                <line number="125" hits="2" branch="False" />
                <line number="126" hits="2" branch="False" />
                <line number="127" hits="3" branch="False" />
                <line number="129" hits="4" branch="False" />
                <line number="133" hits="4" branch="False" />
                <line number="134" hits="4" branch="True" condition-coverage="50% (1/2)">
                  <conditions>
                    <condition number="634" type="jump" coverage="50%" />
                  </conditions>
                </line>
                <line number="135" hits="0" branch="False" />
                <line number="136" hits="0" branch="False" />
                <line number="140" hits="4" branch="False" />
                <line number="141" hits="4" branch="True" condition-coverage="100% (2/2)">
                  <conditions>
                    <condition number="836" type="jump" coverage="100%" />
                  </conditions>
                </line>
                <line number="142" hits="1" branch="False" />
                <line number="143" hits="1" branch="False" />
                <line number="146" hits="3" branch="False" />
                <line number="147" hits="3" branch="True" condition-coverage="100% (2/2)">
                  <conditions>
                    <condition number="1038" type="jump" coverage="100%" />
                  </conditions>
                </line>
                <line number="148" hits="1" branch="False" />
                <line number="149" hits="1" branch="False" />
                <line number="152" hits="2" branch="False" />
                <line number="153" hits="2" branch="False" />
                <line number="154" hits="2" branch="False" />
                <line number="155" hits="2" branch="False" />
                <line number="156" hits="2" branch="False" />
                <line number="157" hits="2" branch="False" />
                <line number="158" hits="2" branch="False" />
                <line number="159" hits="2" branch="False" />
                <line number="160" hits="2" branch="False" />
                <line number="161" hits="2" branch="False" />
                <line number="162" hits="2" branch="False" />
                <line number="163" hits="2" branch="False" />
                <line number="164" hits="2" branch="False" />
                <line number="165" hits="2" branch="False" />
                <line number="166" hits="2" branch="False" />
                <line number="168" hits="2" branch="False" />
                <line number="171" hits="2" branch="False" />
                <line number="172" hits="2" branch="False" />
                <line number="173" hits="2" branch="False" />
                <line number="174" hits="2" branch="False" />
                <line number="175" hits="2" branch="False" />
                <line number="176" hits="2" branch="False" />
                <line number="177" hits="2" branch="False" />
                <line number="178" hits="2" branch="False" />
                <line number="179" hits="2" branch="False" />
                <line number="180" hits="2" branch="False" />
                <line number="181" hits="2" branch="False" />
                <line number="182" hits="2" branch="False" />
                <line number="184" hits="2" branch="False" />
                <line number="187" hits="2" branch="False" />
                <line number="188" hits="2" branch="False" />
                <line number="189" hits="2" branch="False" />
                <line number="190" hits="2" branch="False" />
                <line number="191" hits="2" branch="False" />
                <line number="192" hits="2" branch="False" />
                <line number="193" hits="2" branch="False" />
                <line number="194" hits="2" branch="False" />
                <line number="195" hits="2" branch="False" />
                <line number="196" hits="2" branch="False" />
                <line number="198" hits="2" branch="False" />
                <line number="201" hits="2" branch="False" />
                <line number="202" hits="2" branch="False" />
                <line number="203" hits="2" branch="False" />
                <line number="204" hits="2" branch="False" />
                <line number="206" hits="2" branch="False" />
                <line number="207" hits="2" branch="False" />
                <line number="208" hits="2" branch="False" />
                <line number="209" hits="2" branch="False" />
                <line number="210" hits="2" branch="False" />
                <line number="211" hits="2" branch="False" />
                <line number="212" hits="2" branch="False" />
                <line number="213" hits="2" branch="False" />
                <line number="214" hits="2" branch="False" />
                <line number="215" hits="2" branch="False" />
                <line number="216" hits="2" branch="False" />
                <line number="217" hits="2" branch="False" />
                <line number="218" hits="2" branch="False" />
              </lines>
            </method>
          </methods>
          <lines>
            <line number="104" hits="4" branch="False" />
            <line number="105" hits="4" branch="False" />
            <line number="108" hits="4" branch="False" />
            <line number="111" hits="4" branch="True" condition-coverage="100% (2/2)">
              <conditions>
                <condition number="304" type="jump" coverage="100%" />
              </conditions>
            </line>
            <line number="112" hits="3" branch="False" />
            <line number="117" hits="3" branch="True" condition-coverage="100% (2/2)">
              <conditions>
                <condition number="371" type="jump" coverage="100%" />
              </conditions>
            </line>
            <line number="118" hits="2" branch="False" />
            <line number="119" hits="2" branch="False" />
            <line number="120" hits="2" branch="False" />
            <line number="121" hits="2" branch="False" />
            <line number="122" hits="2" branch="False" />
            <line number="123" hits="2" branch="False" />
            <line number="124" hits="2" branch="False" />
            <line number="125" hits="2" branch="False" />
            <line number="126" hits="2" branch="False" />
            <line number="127" hits="3" branch="False" />
            <line number="129" hits="4" branch="False" />
            <line number="133" hits="4" branch="False" />
            <line number="134" hits="4" branch="True" condition-coverage="50% (1/2)">
              <conditions>
                <condition number="634" type="jump" coverage="50%" />
              </conditions>
            </line>
            <line number="135" hits="0" branch="False" />
            <line number="136" hits="0" branch="False" />
            <line number="140" hits="4" branch="False" />
            <line number="141" hits="4" branch="True" condition-coverage="100% (2/2)">
              <conditions>
                <condition number="836" type="jump" coverage="100%" />
              </conditions>
            </line>
            <line number="142" hits="1" branch="False" />
            <line number="143" hits="1" branch="False" />
            <line number="146" hits="3" branch="False" />
            <line number="147" hits="3" branch="True" condition-coverage="100% (2/2)">
              <conditions>
                <condition number="1038" type="jump" coverage="100%" />
              </conditions>
            </line>
            <line number="148" hits="1" branch="False" />
            <line number="149" hits="1" branch="False" />
            <line number="152" hits="2" branch="False" />
            <line number="153" hits="2" branch="False" />
            <line number="154" hits="2" branch="False" />
            <line number="155" hits="2" branch="False" />
            <line number="156" hits="2" branch="False" />
            <line number="157" hits="2" branch="False" />
            <line number="158" hits="2" branch="False" />
            <line number="159" hits="2" branch="False" />
            <line number="160" hits="2" branch="False" />
            <line number="161" hits="2" branch="False" />
            <line number="162" hits="2" branch="False" />
            <line number="163" hits="2" branch="False" />
            <line number="164" hits="2" branch="False" />
            <line number="165" hits="2" branch="False" />
            <line number="166" hits="2" branch="False" />
            <line number="168" hits="2" branch="False" />
            <line number="171" hits="2" branch="False" />
            <line number="172" hits="2" branch="False" />
            <line number="173" hits="2" branch="False" />
            <line number="174" hits="2" branch="False" />
            <line number="175" hits="2" branch="False" />
            <line number="176" hits="2" branch="False" />
            <line number="177" hits="2" branch="False" />
            <line number="178" hits="2" branch="False" />
            <line number="179" hits="2" branch="False" />
            <line number="180" hits="2" branch="False" />
            <line number="181" hits="2" branch="False" />
            <line number="182" hits="2" branch="False" />
            <line number="184" hits="2" branch="False" />
            <line number="187" hits="2" branch="False" />
            <line number="188" hits="2" branch="False" />
            <line number="189" hits="2" branch="False" />
            <line number="190" hits="2" branch="False" />
            <line number="191" hits="2" branch="False" />
            <line number="192" hits="2" branch="False" />
            <line number="193" hits="2" branch="False" />
            <line number="194" hits="2" branch="False" />
            <line number="195" hits="2" branch="False" />
            <line number="196" hits="2" branch="False" />
            <line number="198" hits="2" branch="False" />
            <line number="201" hits="2" branch="False" />
            <line number="202" hits="2" branch="False" />
            <line number="203" hits="2" branch="False" />
            <line number="204" hits="2" branch="False" />
            <line number="206" hits="2" branch="False" />
            <line number="207" hits="2" branch="False" />
            <line number="208" hits="2" branch="False" />
            <line number="209" hits="2" branch="False" />
            <line number="210" hits="2" branch="False" />
            <line number="211" hits="2" branch="False" />
            <line number="212" hits="2" branch="False" />
            <line number="213" hits="2" branch="False" />
            <line number="214" hits="2" branch="False" />
            <line number="215" hits="2" branch="False" />
            <line number="216" hits="2" branch="False" />
            <line number="217" hits="2" branch="False" />
            <line number="218" hits="2" branch="False" />
          </lines>
        </class>
        <class name="TheCoffeeCream.Application.Services.AuthService/&lt;VerifyEmailAsync&gt;d__10" filename="TheCoffeeCream.Application\Services\AuthService.cs" line-rate="0.8234999999999999" branch-rate="0.5625" complexity="16">
          <methods>
            <method name="MoveNext" signature="()" line-rate="0.8234999999999999" branch-rate="0.5625" complexity="16">
              <lines>
                <line number="221" hits="3" branch="False" />
                <line number="222" hits="3" branch="False" />
                <line number="223" hits="3" branch="True" condition-coverage="50% (1/2)">
                  <conditions>
                    <condition number="68" type="jump" coverage="50%" />
                  </conditions>
                </line>
                <line number="225" hits="3" branch="True" condition-coverage="50% (1/2)">
                  <conditions>
                    <condition number="95" type="jump" coverage="50%" />
                  </conditions>
                </line>
                <line number="226" hits="4" branch="True" condition-coverage="100% (2/2)">
                  <conditions>
                    <condition number="129" type="jump" coverage="100%" />
                  </conditions>
                </line>
                <line number="228" hits="2" branch="True" condition-coverage="50% (1/2)">
                  <conditions>
                    <condition number="156" type="jump" coverage="50%" />
                  </conditions>
                </line>
                <line number="233" hits="2" branch="True" condition-coverage="50% (1/2)">
                  <conditions>
                    <condition number="187" type="jump" coverage="50%" />
                  </conditions>
                </line>
                <line number="234" hits="0" branch="False" />
                <line number="236" hits="0" branch="True" condition-coverage="0% (0/2)">
                  <conditions>
                    <condition number="208" type="jump" coverage="0%" />
                  </conditions>
                </line>
                <line number="237" hits="0" branch="False" />
                <line number="239" hits="2" branch="True" condition-coverage="50% (1/2)">
                  <conditions>
                    <condition number="238" type="jump" coverage="50%" />
                  </conditions>
                </line>
                <line number="241" hits="2" branch="False" />
                <line number="242" hits="3" branch="True" condition-coverage="100% (2/2)">
                  <conditions>
                    <condition number="400" type="jump" coverage="100%" />
                  </conditions>
                </line>
                <line number="244" hits="1" branch="False" />
                <line number="245" hits="1" branch="False" />
                <line number="247" hits="1" branch="False" />
                <line number="248" hits="3" branch="False" />
              </lines>
            </method>
          </methods>
          <lines>
            <line number="221" hits="3" branch="False" />
            <line number="222" hits="3" branch="False" />
            <line number="223" hits="3" branch="True" condition-coverage="50% (1/2)">
              <conditions>
                <condition number="68" type="jump" coverage="50%" />
              </conditions>
            </line>
            <line number="225" hits="3" branch="True" condition-coverage="50% (1/2)">
              <conditions>
                <condition number="95" type="jump" coverage="50%" />
              </conditions>
            </line>
            <line number="226" hits="4" branch="True" condition-coverage="100% (2/2)">
              <conditions>
                <condition number="129" type="jump" coverage="100%" />
              </conditions>
            </line>
            <line number="228" hits="2" branch="True" condition-coverage="50% (1/2)">
              <conditions>
                <condition number="156" type="jump" coverage="50%" />
              </conditions>
            </line>
            <line number="233" hits="2" branch="True" condition-coverage="50% (1/2)">
              <conditions>
                <condition number="187" type="jump" coverage="50%" />
              </conditions>
            </line>
            <line number="234" hits="0" branch="False" />
            <line number="236" hits="0" branch="True" condition-coverage="0% (0/2)">
              <conditions>
                <condition number="208" type="jump" coverage="0%" />
              </conditions>
            </line>
            <line number="237" hits="0" branch="False" />
            <line number="239" hits="2" branch="True" condition-coverage="50% (1/2)">
              <conditions>
                <condition number="238" type="jump" coverage="50%" />
              </conditions>
            </line>
            <line number="241" hits="2" branch="False" />
            <line number="242" hits="3" branch="True" condition-coverage="100% (2/2)">
              <conditions>
                <condition number="400" type="jump" coverage="100%" />
              </conditions>
            </line>
            <line number="244" hits="1" branch="False" />
            <line number="245" hits="1" branch="False" />
            <line number="247" hits="1" branch="False" />
            <line number="248" hits="3" branch="False" />
          </lines>
        </class>
        <class name="TheCoffeeCream.Application.Services.OrderService" filename="TheCoffeeCream.Application\Services\OrderService.cs" line-rate="1" branch-rate="1" complexity="32">
          <methods>
            <method name="GetShopId" signature="()" line-rate="1" branch-rate="1" complexity="1">
              <lines>
                <line number="24" hits="18" branch="False" />
              </lines>
            </method>
            <method name="ResolveToppings" signature="(TheCoffeeCream.Application.DTOs.CreateOrderItemRequest,System.Collections.Generic.Dictionary`2&lt;System.Guid,TheCoffeeCream.Domain.Entities.Product&gt;)" line-rate="1" branch-rate="1" complexity="30">
              <lines>
                <line number="108" hits="10" branch="False" />
                <line number="109" hits="15" branch="True" condition-coverage="100% (2/2)">
                  <conditions>
                    <condition number="20" type="jump" coverage="100%" />
                  </conditions>
                </line>
                <line number="110" hits="6" branch="True" condition-coverage="100% (8/8)">
                  <conditions>
                    <condition number="37" type="jump" coverage="100%" />
                    <condition number="51" type="jump" coverage="100%" />
                    <condition number="60" type="jump" coverage="100%" />
                    <condition number="81" type="jump" coverage="100%" />
                  </conditions>
                </line>
                <line number="112" hits="4" branch="False" />
                <line number="113" hits="4" branch="False" />
                <line number="115" hits="4" branch="True" condition-coverage="100% (4/4)">
                  <conditions>
                    <condition number="111" type="jump" coverage="100%" />
                    <condition number="126" type="jump" coverage="100%" />
                  </conditions>
                </line>
                <line number="116" hits="3" branch="False" />
                <line number="117" hits="15" branch="True" condition-coverage="100% (2/2)">
                  <conditions>
                    <condition number="250" type="jump" coverage="100%" />
                  </conditions>
                </line>
                <line number="118" hits="3" branch="False" />
                <line number="119" hits="6" branch="False" />
                <line number="120" hits="5" branch="True" condition-coverage="100% (2/2)">
                  <conditions>
                    <condition number="200" type="jump" coverage="100%" />
                  </conditions>
                </line>
                <line number="121" hits="3" branch="False" />
                <line number="122" hits="3" branch="False" />
                <line number="124" hits="4" branch="True" condition-coverage="100% (4/4)">
                  <conditions>
                    <condition number="277" type="jump" coverage="100%" />
                    <condition number="292" type="jump" coverage="100%" />
                  </conditions>
                </line>
                <line number="125" hits="3" branch="False" />
                <line number="126" hits="19" branch="True" condition-coverage="100% (2/2)">
                  <conditions>
                    <condition number="443" type="jump" coverage="100%" />
                  </conditions>
                </line>
                <line number="127" hits="5" branch="False" />
                <line number="128" hits="10" branch="True" condition-coverage="100% (2/2)">
                  <conditions>
                    <condition number="359" type="jump" coverage="100%" />
                  </conditions>
                </line>
                <line number="130" hits="7" branch="False" />
                <line number="131" hits="5" branch="True" condition-coverage="100% (2/2)">
                  <conditions>
                    <condition number="393" type="jump" coverage="100%" />
                  </conditions>
                </line>
                <line number="132" hits="3" branch="False" />
                <line number="133" hits="3" branch="False" />
                <line number="135" hits="4" branch="True" condition-coverage="100% (2/2)">
                  <conditions>
                    <condition number="472" type="jump" coverage="100%" />
                  </conditions>
                </line>
                <line number="136" hits="10" branch="False" />
              </lines>
            </method>
            <method name=".ctor" signature="(TheCoffeeCream.Application.Interfaces.IOrderRepository,TheCoffeeCream.Application.Interfaces.IProductRepository,TheCoffeeCream.Application.Interfaces.IShopContext)" line-rate="1" branch-rate="1" complexity="1">
              <lines>
                <line number="17" hits="18" branch="False" />
                <line number="18" hits="18" branch="False" />
                <line number="19" hits="18" branch="False" />
                <line number="20" hits="18" branch="False" />
                <line number="21" hits="18" branch="False" />
                <line number="22" hits="18" branch="False" />
              </lines>
            </method>
          </methods>
          <lines>
            <line number="24" hits="18" branch="False" />
            <line number="108" hits="10" branch="False" />
            <line number="109" hits="15" branch="True" condition-coverage="100% (2/2)">
              <conditions>
                <condition number="20" type="jump" coverage="100%" />
              </conditions>
            </line>
            <line number="110" hits="6" branch="True" condition-coverage="100% (8/8)">
              <conditions>
                <condition number="37" type="jump" coverage="100%" />
                <condition number="51" type="jump" coverage="100%" />
                <condition number="60" type="jump" coverage="100%" />
                <condition number="81" type="jump" coverage="100%" />
              </conditions>
            </line>
            <line number="112" hits="4" branch="False" />
            <line number="113" hits="4" branch="False" />
            <line number="115" hits="4" branch="True" condition-coverage="100% (4/4)">
              <conditions>
                <condition number="111" type="jump" coverage="100%" />
                <condition number="126" type="jump" coverage="100%" />
              </conditions>
            </line>
            <line number="116" hits="3" branch="False" />
            <line number="117" hits="15" branch="True" condition-coverage="100% (2/2)">
              <conditions>
                <condition number="250" type="jump" coverage="100%" />
              </conditions>
            </line>
            <line number="118" hits="3" branch="False" />
            <line number="119" hits="6" branch="False" />
            <line number="120" hits="5" branch="True" condition-coverage="100% (2/2)">
              <conditions>
                <condition number="200" type="jump" coverage="100%" />
              </conditions>
            </line>
            <line number="121" hits="3" branch="False" />
            <line number="122" hits="3" branch="False" />
            <line number="124" hits="4" branch="True" condition-coverage="100% (4/4)">
              <conditions>
                <condition number="277" type="jump" coverage="100%" />
                <condition number="292" type="jump" coverage="100%" />
              </conditions>
            </line>
            <line number="125" hits="3" branch="False" />
            <line number="126" hits="19" branch="True" condition-coverage="100% (2/2)">
              <conditions>
                <condition number="443" type="jump" coverage="100%" />
              </conditions>
            </line>
            <line number="127" hits="5" branch="False" />
            <line number="128" hits="10" branch="True" condition-coverage="100% (2/2)">
              <conditions>
                <condition number="359" type="jump" coverage="100%" />
              </conditions>
            </line>
            <line number="130" hits="7" branch="False" />
            <line number="131" hits="5" branch="True" condition-coverage="100% (2/2)">
              <conditions>
                <condition number="393" type="jump" coverage="100%" />
              </conditions>
            </line>
            <line number="132" hits="3" branch="False" />
            <line number="133" hits="3" branch="False" />
            <line number="135" hits="4" branch="True" condition-coverage="100% (2/2)">
              <conditions>
                <condition number="472" type="jump" coverage="100%" />
              </conditions>
            </line>
            <line number="136" hits="10" branch="False" />
            <line number="17" hits="18" branch="False" />
            <line number="18" hits="18" branch="False" />
            <line number="19" hits="18" branch="False" />
            <line number="20" hits="18" branch="False" />
            <line number="21" hits="18" branch="False" />
            <line number="22" hits="18" branch="False" />
          </lines>
        </class>
        <class name="TheCoffeeCream.Application.Services.OrderService/&lt;&gt;c" filename="TheCoffeeCream.Application\Services\OrderService.cs" line-rate="1" branch-rate="1" complexity="2">
          <methods>
            <method name="&lt;CreateOrderAsync&gt;b__5_1" signature="(TheCoffeeCream.Domain.Entities.Product)" line-rate="1" branch-rate="1" complexity="1">
              <lines>
                <line number="34" hits="19" branch="False" />
              </lines>
            </method>
            <method name="&lt;UpdateOrderAsync&gt;b__6_1" signature="(TheCoffeeCream.Domain.Entities.Product)" line-rate="1" branch-rate="1" complexity="1">
              <lines>
                <line number="70" hits="1" branch="False" />
              </lines>
            </method>
          </methods>
          <lines>
            <line number="34" hits="19" branch="False" />
            <line number="70" hits="1" branch="False" />
          </lines>
        </class>
        <class name="TheCoffeeCream.Application.Services.OrderService/&lt;&gt;c__DisplayClass5_0" filename="TheCoffeeCream.Application\Services\OrderService.cs" line-rate="1" branch-rate="1" complexity="1">
          <methods>
            <method name="&lt;CreateOrderAsync&gt;b__0" signature="(TheCoffeeCream.Application.DTOs.CreateOrderItemRequest)" line-rate="1" branch-rate="1" complexity="1">
              <lines>
                <line number="37" hits="9" branch="False" />
                <line number="38" hits="9" branch="False" />
                <line number="39" hits="9" branch="False" />
                <line number="40" hits="9" branch="False" />
                <line number="41" hits="18" branch="False" />
              </lines>
            </method>
          </methods>
          <lines>
            <line number="37" hits="9" branch="False" />
            <line number="38" hits="9" branch="False" />
            <line number="39" hits="9" branch="False" />
            <line number="40" hits="9" branch="False" />
            <line number="41" hits="18" branch="False" />
          </lines>
        </class>
        <class name="TheCoffeeCream.Application.Services.OrderService/&lt;&gt;c__DisplayClass6_0" filename="TheCoffeeCream.Application\Services\OrderService.cs" line-rate="1" branch-rate="1" complexity="1">
          <methods>
            <method name="&lt;UpdateOrderAsync&gt;b__0" signature="(TheCoffeeCream.Application.DTOs.CreateOrderItemRequest)" line-rate="1" branch-rate="1" complexity="1">
              <lines>
                <line number="73" hits="1" branch="False" />
                <line number="74" hits="1" branch="False" />
                <line number="75" hits="1" branch="False" />
                <line number="76" hits="1" branch="False" />
                <line number="77" hits="1" branch="False" />
                <line number="78" hits="1" branch="False" />
                <line number="79" hits="1" branch="False" />
                <line number="80" hits="1" branch="False" />
                <line number="81" hits="1" branch="False" />
                <line number="82" hits="1" branch="False" />
                <line number="83" hits="1" branch="False" />
                <line number="84" hits="2" branch="False" />
              </lines>
            </method>
          </methods>
          <lines>
            <line number="73" hits="1" branch="False" />
            <line number="74" hits="1" branch="False" />
            <line number="75" hits="1" branch="False" />
            <line number="76" hits="1" branch="False" />
            <line number="77" hits="1" branch="False" />
            <line number="78" hits="1" branch="False" />
            <line number="79" hits="1" branch="False" />
            <line number="80" hits="1" branch="False" />
            <line number="81" hits="1" branch="False" />
            <line number="82" hits="1" branch="False" />
            <line number="83" hits="1" branch="False" />
            <line number="84" hits="2" branch="False" />
          </lines>
        </class>
        <class name="TheCoffeeCream.Application.Services.OrderService/&lt;CreateOrderAsync&gt;d__5" filename="TheCoffeeCream.Application\Services\OrderService.cs" line-rate="1" branch-rate="1" complexity="6">
          <methods>
            <method name="MoveNext" signature="()" line-rate="1" branch-rate="1" complexity="6">
              <lines>
                <line number="27" hits="10" branch="False" />
                <line number="28" hits="10" branch="False" />
                <line number="29" hits="10" branch="False" />
                <line number="30" hits="10" branch="True" condition-coverage="100% (4/4)">
                  <conditions>
                    <condition number="241" type="jump" coverage="100%" />
                    <condition number="264" type="jump" coverage="100%" />
                  </conditions>
                </line>
                <line number="31" hits="1" branch="False" />
                <line number="33" hits="9" branch="False" />
                <line number="36" hits="9" branch="False" />
                <line number="43" hits="9" branch="True" condition-coverage="100% (2/2)">
                  <conditions>
                    <condition number="655" type="jump" coverage="100%" />
                  </conditions>
                </line>
                <line number="44" hits="9" branch="False" />
                <line number="45" hits="9" branch="False" />
                <line number="46" hits="9" branch="False" />
                <line number="47" hits="9" branch="False" />
                <line number="48" hits="9" branch="False" />
                <line number="49" hits="9" branch="False" />
                <line number="50" hits="9" branch="False" />
                <line number="51" hits="9" branch="False" />
                <line number="52" hits="9" branch="False" />
                <line number="53" hits="9" branch="False" />
                <line number="54" hits="9" branch="False" />
                <line number="55" hits="9" branch="False" />
                <line number="56" hits="9" branch="False" />
                <line number="57" hits="9" branch="False" />
                <line number="58" hits="9" branch="False" />
                <line number="60" hits="9" branch="False" />
                <line number="61" hits="9" branch="False" />
                <line number="62" hits="9" branch="False" />
              </lines>
            </method>
          </methods>
          <lines>
            <line number="27" hits="10" branch="False" />
            <line number="28" hits="10" branch="False" />
            <line number="29" hits="10" branch="False" />
            <line number="30" hits="10" branch="True" condition-coverage="100% (4/4)">
              <conditions>
                <condition number="241" type="jump" coverage="100%" />
                <condition number="264" type="jump" coverage="100%" />
              </conditions>
            </line>
            <line number="31" hits="1" branch="False" />
            <line number="33" hits="9" branch="False" />
            <line number="36" hits="9" branch="False" />
            <line number="43" hits="9" branch="True" condition-coverage="100% (2/2)">
              <conditions>
                <condition number="655" type="jump" coverage="100%" />
              </conditions>
            </line>
            <line number="44" hits="9" branch="False" />
            <line number="45" hits="9" branch="False" />
            <line number="46" hits="9" branch="False" />
            <line number="47" hits="9" branch="False" />
            <line number="48" hits="9" branch="False" />
            <line number="49" hits="9" branch="False" />
            <line number="50" hits="9" branch="False" />
            <line number="51" hits="9" branch="False" />
            <line number="52" hits="9" branch="False" />
            <line number="53" hits="9" branch="False" />
            <line number="54" hits="9" branch="False" />
            <line number="55" hits="9" branch="False" />
            <line number="56" hits="9" branch="False" />
            <line number="57" hits="9" branch="False" />
            <line number="58" hits="9" branch="False" />
            <line number="60" hits="9" branch="False" />
            <line number="61" hits="9" branch="False" />
            <line number="62" hits="9" branch="False" />
          </lines>
        </class>
        <class name="TheCoffeeCream.Application.Services.OrderService/&lt;GetOrderByIdAsync&gt;d__9" filename="TheCoffeeCream.Application\Services\OrderService.cs" line-rate="0" branch-rate="1" complexity="1">
          <methods>
            <method name="MoveNext" signature="()" line-rate="0" branch-rate="1" complexity="1">
              <lines>
                <line number="144" hits="0" branch="False" />
                <line number="145" hits="0" branch="False" />
                <line number="146" hits="0" branch="False" />
              </lines>
            </method>
          </methods>
          <lines>
            <line number="144" hits="0" branch="False" />
            <line number="145" hits="0" branch="False" />
            <line number="146" hits="0" branch="False" />
          </lines>
        </class>
        <class name="TheCoffeeCream.Application.Services.OrderService/&lt;GetOrdersByDateRangeAsync&gt;d__8" filename="TheCoffeeCream.Application\Services\OrderService.cs" line-rate="1" branch-rate="1" complexity="1">
          <methods>
            <method name="MoveNext" signature="()" line-rate="1" branch-rate="1" complexity="1">
              <lines>
                <line number="139" hits="1" branch="False" />
                <line number="140" hits="1" branch="False" />
                <line number="141" hits="1" branch="False" />
              </lines>
            </method>
          </methods>
          <lines>
            <line number="139" hits="1" branch="False" />
            <line number="140" hits="1" branch="False" />
            <line number="141" hits="1" branch="False" />
          </lines>
        </class>
        <class name="TheCoffeeCream.Application.Services.OrderService/&lt;SoftDeleteOrderAsync&gt;d__10" filename="TheCoffeeCream.Application\Services\OrderService.cs" line-rate="1" branch-rate="1" complexity="1">
          <methods>
            <method name="MoveNext" signature="()" line-rate="1" branch-rate="1" complexity="1">
              <lines>
                <line number="149" hits="1" branch="False" />
                <line number="150" hits="1" branch="False" />
                <line number="151" hits="1" branch="False" />
              </lines>
            </method>
          </methods>
          <lines>
            <line number="149" hits="1" branch="False" />
            <line number="150" hits="1" branch="False" />
            <line number="151" hits="1" branch="False" />
          </lines>
        </class>
        <class name="TheCoffeeCream.Application.Services.OrderService/&lt;UpdateOrderAsync&gt;d__6" filename="TheCoffeeCream.Application\Services\OrderService.cs" line-rate="1" branch-rate="0.5" complexity="2">
          <methods>
            <method name="MoveNext" signature="()" line-rate="1" branch-rate="0.5" complexity="2">
              <lines>
                <line number="65" hits="1" branch="False" />
                <line number="66" hits="1" branch="False" />
                <line number="67" hits="1" branch="False" />
                <line number="68" hits="1" branch="True" condition-coverage="50% (1/2)">
                  <conditions>
                    <condition number="241" type="jump" coverage="50%" />
                  </conditions>
                </line>
                <line number="72" hits="1" branch="False" />
                <line number="86" hits="1" branch="False" />
                <line number="87" hits="1" branch="False" />
                <line number="88" hits="1" branch="False" />
                <line number="89" hits="1" branch="False" />
                <line number="90" hits="1" branch="False" />
                <line number="91" hits="1" branch="False" />
                <line number="92" hits="1" branch="False" />
                <line number="93" hits="1" branch="False" />
                <line number="94" hits="1" branch="False" />
                <line number="95" hits="1" branch="False" />
                <line number="96" hits="1" branch="False" />
                <line number="97" hits="1" branch="False" />
                <line number="98" hits="1" branch="False" />
                <line number="99" hits="1" branch="False" />
                <line number="100" hits="1" branch="False" />
                <line number="101" hits="1" branch="False" />
                <line number="102" hits="1" branch="False" />
                <line number="104" hits="1" branch="False" />
                <line number="105" hits="1" branch="False" />
              </lines>
            </method>
          </methods>
          <lines>
            <line number="65" hits="1" branch="False" />
            <line number="66" hits="1" branch="False" />
            <line number="67" hits="1" branch="False" />
            <line number="68" hits="1" branch="True" condition-coverage="50% (1/2)">
              <conditions>
                <condition number="241" type="jump" coverage="50%" />
              </conditions>
            </line>
            <line number="72" hits="1" branch="False" />
            <line number="86" hits="1" branch="False" />
            <line number="87" hits="1" branch="False" />
            <line number="88" hits="1" branch="False" />
            <line number="89" hits="1" branch="False" />
            <line number="90" hits="1" branch="False" />
            <line number="91" hits="1" branch="False" />
            <line number="92" hits="1" branch="False" />
            <line number="93" hits="1" branch="False" />
            <line number="94" hits="1" branch="False" />
            <line number="95" hits="1" branch="False" />
            <line number="96" hits="1" branch="False" />
            <line number="97" hits="1" branch="False" />
            <line number="98" hits="1" branch="False" />
            <line number="99" hits="1" branch="False" />
            <line number="100" hits="1" branch="False" />
            <line number="101" hits="1" branch="False" />
            <line number="102" hits="1" branch="False" />
            <line number="104" hits="1" branch="False" />
            <line number="105" hits="1" branch="False" />
          </lines>
        </class>
        <class name="TheCoffeeCream.Application.Services.OrderService/&lt;UpdateOrderPaymentMethodAsync&gt;d__11" filename="TheCoffeeCream.Application\Services\OrderService.cs" line-rate="1" branch-rate="0.9" complexity="10">
          <methods>
            <method name="MoveNext" signature="()" line-rate="1" branch-rate="0.9" complexity="10">
              <lines>
                <line number="154" hits="5" branch="False" />
                <line number="155" hits="5" branch="False" />
                <line number="156" hits="5" branch="True" condition-coverage="50% (1/2)">
                  <conditions>
                    <condition number="184" type="jump" coverage="50%" />
                  </conditions>
                </line>
                <line number="158" hits="5" branch="False" />
                <line number="166" hits="5" branch="False" />
                <line number="167" hits="5" branch="False" />
                <line number="168" hits="5" branch="False" />
                <line number="171" hits="5" branch="True" condition-coverage="100% (2/2)">
                  <conditions>
                    <condition number="302" type="jump" coverage="100%" />
                  </conditions>
                </line>
                <line number="172" hits="1" branch="False" />
                <line number="173" hits="1" branch="False" />
                <line number="174" hits="1" branch="False" />
                <line number="175" hits="1" branch="False" />
                <line number="176" hits="4" branch="True" condition-coverage="100% (2/2)">
                  <conditions>
                    <condition number="369" type="jump" coverage="100%" />
                  </conditions>
                </line>
                <line number="177" hits="2" branch="False" />
                <line number="178" hits="2" branch="False" />
                <line number="179" hits="2" branch="False" />
                <line number="180" hits="2" branch="False" />
                <line number="181" hits="2" branch="True" condition-coverage="100% (2/2)">
                  <conditions>
                    <condition number="436" type="jump" coverage="100%" />
                  </conditions>
                </line>
                <line number="182" hits="2" branch="False" />
                <line number="183" hits="2" branch="True" condition-coverage="100% (2/2)">
                  <conditions>
                    <condition number="509" type="jump" coverage="100%" />
                  </conditions>
                </line>
                <line number="184" hits="1" branch="False" />
                <line number="185" hits="1" branch="False" />
                <line number="187" hits="4" branch="False" />
                <line number="188" hits="4" branch="False" />
              </lines>
            </method>
          </methods>
          <lines>
            <line number="154" hits="5" branch="False" />
            <line number="155" hits="5" branch="False" />
            <line number="156" hits="5" branch="True" condition-coverage="50% (1/2)">
              <conditions>
                <condition number="184" type="jump" coverage="50%" />
              </conditions>
            </line>
            <line number="158" hits="5" branch="False" />
            <line number="166" hits="5" branch="False" />
            <line number="167" hits="5" branch="False" />
            <line number="168" hits="5" branch="False" />
            <line number="171" hits="5" branch="True" condition-coverage="100% (2/2)">
              <conditions>
                <condition number="302" type="jump" coverage="100%" />
              </conditions>
            </line>
            <line number="172" hits="1" branch="False" />
            <line number="173" hits="1" branch="False" />
            <line number="174" hits="1" branch="False" />
            <line number="175" hits="1" branch="False" />
            <line number="176" hits="4" branch="True" condition-coverage="100% (2/2)">
              <conditions>
                <condition number="369" type="jump" coverage="100%" />
              </conditions>
            </line>
            <line number="177" hits="2" branch="False" />
            <line number="178" hits="2" branch="False" />
            <line number="179" hits="2" branch="False" />
            <line number="180" hits="2" branch="False" />
            <line number="181" hits="2" branch="True" condition-coverage="100% (2/2)">
              <conditions>
                <condition number="436" type="jump" coverage="100%" />
              </conditions>
            </line>
            <line number="182" hits="2" branch="False" />
            <line number="183" hits="2" branch="True" condition-coverage="100% (2/2)">
              <conditions>
                <condition number="509" type="jump" coverage="100%" />
              </conditions>
            </line>
            <line number="184" hits="1" branch="False" />
            <line number="185" hits="1" branch="False" />
            <line number="187" hits="4" branch="False" />
            <line number="188" hits="4" branch="False" />
          </lines>
        </class>
        <class name="TheCoffeeCream.Application.Services.ProductService" filename="TheCoffeeCream.Application\Services\ProductService.cs" line-rate="0.8626999999999999" branch-rate="0.409" complexity="24">
          <methods>
            <method name="GetShopId" signature="()" line-rate="1" branch-rate="1" complexity="1">
              <lines>
                <line number="21" hits="15" branch="False" />
              </lines>
            </method>
            <method name="ResolveToppings" signature="(TheCoffeeCream.Domain.Entities.Product,System.Collections.Generic.Dictionary`2&lt;System.Guid,TheCoffeeCream.Domain.Entities.Product&gt;)" line-rate="0" branch-rate="0" complexity="10">
              <lines>
                <line number="54" hits="0" branch="False" />
                <line number="55" hits="0" branch="True" condition-coverage="0% (0/4)">
                  <conditions>
                    <condition number="21" type="jump" coverage="0%" />
                    <condition number="34" type="jump" coverage="0%" />
                  </conditions>
                </line>
                <line number="56" hits="0" branch="True" condition-coverage="0% (0/2)">
                  <conditions>
                    <condition number="58" type="jump" coverage="0%" />
                  </conditions>
                </line>
                <line number="58" hits="0" branch="False" />
                <line number="59" hits="0" branch="True" condition-coverage="0% (0/4)">
                  <conditions>
                    <condition number="13" type="jump" coverage="0%" />
                    <condition number="29" type="jump" coverage="0%" />
                  </conditions>
                </line>
                <line number="60" hits="0" branch="False" />
                <line number="61" hits="0" branch="False" />
              </lines>
            </method>
            <method name="MapToDto" signature="(TheCoffeeCream.Domain.Entities.Product)" line-rate="1" branch-rate="0.75" complexity="8">
              <lines>
                <line number="162" hits="7" branch="False" />
                <line number="163" hits="7" branch="True" condition-coverage="75% (3/4)">
                  <conditions>
                    <condition number="53" type="jump" coverage="50%" />
                    <condition number="65" type="jump" coverage="100%" />
                  </conditions>
                </line>
                <line number="164" hits="7" branch="False" />
                <line number="165" hits="7" branch="False" />
                <line number="166" hits="7" branch="False" />
                <line number="167" hits="7" branch="False" />
                <line number="168" hits="7" branch="False" />
                <line number="169" hits="7" branch="False" />
                <line number="170" hits="7" branch="False" />
                <line number="171" hits="7" branch="False" />
                <line number="172" hits="7" branch="False" />
                <line number="173" hits="7" branch="False" />
                <line number="174" hits="7" branch="False" />
                <line number="175" hits="1" branch="True" condition-coverage="75% (3/4)">
                  <conditions>
                    <condition number="52" type="jump" coverage="50%" />
                    <condition number="64" type="jump" coverage="100%" />
                  </conditions>
                </line>
                <line number="176" hits="1" branch="False" />
                <line number="177" hits="1" branch="False" />
                <line number="178" hits="1" branch="False" />
                <line number="179" hits="1" branch="False" />
                <line number="180" hits="1" branch="False" />
                <line number="181" hits="1" branch="False" />
                <line number="182" hits="1" branch="False" />
                <line number="183" hits="1" branch="False" />
                <line number="184" hits="1" branch="False" />
                <line number="185" hits="7" branch="False" />
                <line number="186" hits="7" branch="False" />
              </lines>
            </method>
            <method name="&lt;GetMenuAsync&gt;b__5_1" signature="(TheCoffeeCream.Domain.Entities.Product)" line-rate="1" branch-rate="0.75" complexity="4">
              <lines>
                <line number="37" hits="4" branch="True" condition-coverage="75% (3/4)">
                  <conditions>
                    <condition number="52" type="jump" coverage="50%" />
                    <condition number="64" type="jump" coverage="100%" />
                  </conditions>
                </line>
                <line number="38" hits="4" branch="False" />
                <line number="39" hits="4" branch="False" />
                <line number="40" hits="4" branch="False" />
                <line number="41" hits="4" branch="False" />
                <line number="42" hits="4" branch="False" />
                <line number="43" hits="4" branch="False" />
                <line number="44" hits="4" branch="False" />
                <line number="45" hits="4" branch="False" />
                <line number="46" hits="4" branch="False" />
                <line number="47" hits="4" branch="False" />
                <line number="48" hits="4" branch="False" />
                <line number="49" hits="4" branch="False" />
              </lines>
            </method>
            <method name=".ctor" signature="(TheCoffeeCream.Application.Interfaces.IProductRepository,TheCoffeeCream.Application.Interfaces.IShopContext)" line-rate="1" branch-rate="1" complexity="1">
              <lines>
                <line number="15" hits="9" branch="False" />
                <line number="16" hits="9" branch="False" />
                <line number="17" hits="9" branch="False" />
                <line number="18" hits="9" branch="False" />
                <line number="19" hits="9" branch="False" />
              </lines>
            </method>
          </methods>
          <lines>
            <line number="21" hits="15" branch="False" />
            <line number="54" hits="0" branch="False" />
            <line number="55" hits="0" branch="True" condition-coverage="0% (0/4)">
              <conditions>
                <condition number="21" type="jump" coverage="0%" />
                <condition number="34" type="jump" coverage="0%" />
              </conditions>
            </line>
            <line number="56" hits="0" branch="True" condition-coverage="0% (0/2)">
              <conditions>
                <condition number="58" type="jump" coverage="0%" />
              </conditions>
            </line>
            <line number="58" hits="0" branch="False" />
            <line number="59" hits="0" branch="True" condition-coverage="0% (0/4)">
              <conditions>
                <condition number="13" type="jump" coverage="0%" />
                <condition number="29" type="jump" coverage="0%" />
              </conditions>
            </line>
            <line number="60" hits="0" branch="False" />
            <line number="61" hits="0" branch="False" />
            <line number="162" hits="7" branch="False" />
            <line number="163" hits="7" branch="True" condition-coverage="75% (3/4)">
              <conditions>
                <condition number="53" type="jump" coverage="50%" />
                <condition number="65" type="jump" coverage="100%" />
              </conditions>
            </line>
            <line number="164" hits="7" branch="False" />
            <line number="165" hits="7" branch="False" />
            <line number="166" hits="7" branch="False" />
            <line number="167" hits="7" branch="False" />
            <line number="168" hits="7" branch="False" />
            <line number="169" hits="7" branch="False" />
            <line number="170" hits="7" branch="False" />
            <line number="171" hits="7" branch="False" />
            <line number="172" hits="7" branch="False" />
            <line number="173" hits="7" branch="False" />
            <line number="174" hits="7" branch="False" />
            <line number="175" hits="1" branch="True" condition-coverage="75% (3/4)">
              <conditions>
                <condition number="52" type="jump" coverage="50%" />
                <condition number="64" type="jump" coverage="100%" />
              </conditions>
            </line>
            <line number="176" hits="1" branch="False" />
            <line number="177" hits="1" branch="False" />
            <line number="178" hits="1" branch="False" />
            <line number="179" hits="1" branch="False" />
            <line number="180" hits="1" branch="False" />
            <line number="181" hits="1" branch="False" />
            <line number="182" hits="1" branch="False" />
            <line number="183" hits="1" branch="False" />
            <line number="184" hits="1" branch="False" />
            <line number="185" hits="7" branch="False" />
            <line number="186" hits="7" branch="False" />
            <line number="37" hits="4" branch="True" condition-coverage="75% (3/4)">
              <conditions>
                <condition number="52" type="jump" coverage="50%" />
                <condition number="64" type="jump" coverage="100%" />
              </conditions>
            </line>
            <line number="38" hits="4" branch="False" />
            <line number="39" hits="4" branch="False" />
            <line number="40" hits="4" branch="False" />
            <line number="41" hits="4" branch="False" />
            <line number="42" hits="4" branch="False" />
            <line number="43" hits="4" branch="False" />
            <line number="44" hits="4" branch="False" />
            <line number="45" hits="4" branch="False" />
            <line number="46" hits="4" branch="False" />
            <line number="47" hits="4" branch="False" />
            <line number="48" hits="4" branch="False" />
            <line number="49" hits="4" branch="False" />
            <line number="15" hits="9" branch="False" />
            <line number="16" hits="9" branch="False" />
            <line number="17" hits="9" branch="False" />
            <line number="18" hits="9" branch="False" />
            <line number="19" hits="9" branch="False" />
          </lines>
        </class>
        <class name="TheCoffeeCream.Application.Services.ProductService/&lt;&gt;c__DisplayClass11_0" filename="TheCoffeeCream.Application\Services\ProductService.cs" line-rate="1" branch-rate="1" complexity="1">
          <methods>
            <method name="&lt;ResolveCategoryId&gt;b__0" signature="(TheCoffeeCream.Domain.Entities.Category)" line-rate="1" branch-rate="1" complexity="1">
              <lines>
                <line number="147" hits="5" branch="False" />
              </lines>
            </method>
          </methods>
          <lines>
            <line number="147" hits="5" branch="False" />
          </lines>
        </class>
        <class name="TheCoffeeCream.Application.Services.ProductService/&lt;CreateAsync&gt;d__9" filename="TheCoffeeCream.Application\Services\ProductService.cs" line-rate="1" branch-rate="0.8332999999999999" complexity="6">
          <methods>
            <method name="MoveNext" signature="()" line-rate="1" branch-rate="0.8332999999999999" complexity="6">
              <lines>
                <line number="82" hits="3" branch="False" />
                <line number="83" hits="3" branch="False" />
                <line number="85" hits="3" branch="True" condition-coverage="75% (3/4)">
                  <conditions>
                    <condition number="192" type="jump" coverage="100%" />
                    <condition number="210" type="jump" coverage="50%" />
                  </conditions>
                </line>
                <line number="86" hits="3" branch="False" />
                <line number="87" hits="3" branch="False" />
                <line number="89" hits="3" branch="False" />
                <line number="90" hits="3" branch="False" />
                <line number="91" hits="3" branch="False" />
                <line number="92" hits="3" branch="False" />
                <line number="93" hits="3" branch="False" />
                <line number="94" hits="3" branch="False" />
                <line number="95" hits="3" branch="False" />
                <line number="96" hits="3" branch="False" />
                <line number="97" hits="3" branch="False" />
                <line number="98" hits="3" branch="False" />
                <line number="99" hits="3" branch="False" />
                <line number="100" hits="3" branch="False" />
                <line number="101" hits="3" branch="False" />
                <line number="102" hits="3" branch="False" />
                <line number="104" hits="3" branch="False" />
                <line number="106" hits="3" branch="False" />
                <line number="109" hits="3" branch="False" />
                <line number="110" hits="3" branch="True" condition-coverage="100% (2/2)">
                  <conditions>
                    <condition number="658" type="jump" coverage="100%" />
                  </conditions>
                </line>
                <line number="111" hits="3" branch="False" />
              </lines>
            </method>
          </methods>
          <lines>
            <line number="82" hits="3" branch="False" />
            <line number="83" hits="3" branch="False" />
            <line number="85" hits="3" branch="True" condition-coverage="75% (3/4)">
              <conditions>
                <condition number="192" type="jump" coverage="100%" />
                <condition number="210" type="jump" coverage="50%" />
              </conditions>
            </line>
            <line number="86" hits="3" branch="False" />
            <line number="87" hits="3" branch="False" />
            <line number="89" hits="3" branch="False" />
            <line number="90" hits="3" branch="False" />
            <line number="91" hits="3" branch="False" />
            <line number="92" hits="3" branch="False" />
            <line number="93" hits="3" branch="False" />
            <line number="94" hits="3" branch="False" />
            <line number="95" hits="3" branch="False" />
            <line number="96" hits="3" branch="False" />
            <line number="97" hits="3" branch="False" />
            <line number="98" hits="3" branch="False" />
            <line number="99" hits="3" branch="False" />
            <line number="100" hits="3" branch="False" />
            <line number="101" hits="3" branch="False" />
            <line number="102" hits="3" branch="False" />
            <line number="104" hits="3" branch="False" />
            <line number="106" hits="3" branch="False" />
            <line number="109" hits="3" branch="False" />
            <line number="110" hits="3" branch="True" condition-coverage="100% (2/2)">
              <conditions>
                <condition number="658" type="jump" coverage="100%" />
              </conditions>
            </line>
            <line number="111" hits="3" branch="False" />
          </lines>
        </class>
        <class name="TheCoffeeCream.Application.Services.ProductService/&lt;GetAllAsync&gt;d__4" filename="TheCoffeeCream.Application\Services\ProductService.cs" line-rate="1" branch-rate="1" complexity="1">
          <methods>
            <method name="MoveNext" signature="()" line-rate="1" branch-rate="1" complexity="1">
              <lines>
                <line number="24" hits="2" branch="False" />
                <line number="25" hits="2" branch="False" />
                <line number="26" hits="1" branch="False" />
              </lines>
            </method>
          </methods>
          <lines>
            <line number="24" hits="2" branch="False" />
            <line number="25" hits="2" branch="False" />
            <line number="26" hits="1" branch="False" />
          </lines>
        </class>
        <class name="TheCoffeeCream.Application.Services.ProductService/&lt;GetByIdAsync&gt;d__8" filename="TheCoffeeCream.Application\Services\ProductService.cs" line-rate="0" branch-rate="0" complexity="2">
          <methods>
            <method name="MoveNext" signature="()" line-rate="0" branch-rate="0" complexity="2">
              <lines>
                <line number="75" hits="0" branch="False" />
                <line number="76" hits="0" branch="False" />
                <line number="77" hits="0" branch="True" condition-coverage="0% (0/2)">
                  <conditions>
                    <condition number="175" type="jump" coverage="0%" />
                  </conditions>
                </line>
                <line number="78" hits="0" branch="False" />
                <line number="79" hits="0" branch="False" />
              </lines>
            </method>
          </methods>
          <lines>
            <line number="75" hits="0" branch="False" />
            <line number="76" hits="0" branch="False" />
            <line number="77" hits="0" branch="True" condition-coverage="0% (0/2)">
              <conditions>
                <condition number="175" type="jump" coverage="0%" />
              </conditions>
            </line>
            <line number="78" hits="0" branch="False" />
            <line number="79" hits="0" branch="False" />
          </lines>
        </class>
        <class name="TheCoffeeCream.Application.Services.ProductService/&lt;GetCategoriesAsync&gt;d__7" filename="TheCoffeeCream.Application\Services\ProductService.cs" line-rate="0" branch-rate="1" complexity="1">
          <methods>
            <method name="MoveNext" signature="()" line-rate="0" branch-rate="1" complexity="1">
              <lines>
                <line number="64" hits="0" branch="False" />
                <line number="65" hits="0" branch="False" />
                <line number="72" hits="0" branch="False" />
              </lines>
            </method>
          </methods>
          <lines>
            <line number="64" hits="0" branch="False" />
            <line number="65" hits="0" branch="False" />
            <line number="72" hits="0" branch="False" />
          </lines>
        </class>
        <class name="TheCoffeeCream.Application.Services.ProductService/&lt;GetMenuAsync&gt;d__5" filename="TheCoffeeCream.Application\Services\ProductService.cs" line-rate="1" branch-rate="1" complexity="1">
          <methods>
            <method name="MoveNext" signature="()" line-rate="1" branch-rate="1" complexity="1">
              <lines>
[...]
          </lines>
        </class>
        <class name="TheCoffeeCream.Domain.Entities.Product" filename="TheCoffeeCream.Domain\Entities\Product.cs" line-rate="1" branch-rate="0.9285" complexity="28">
          <methods>
            <method name="get_Id" signature="()" line-rate="1" branch-rate="1" complexity="1">
              <lines>
                <line number="8" hits="54" branch="False" />
              </lines>
            </method>
            <method name="get_ShopId" signature="()" line-rate="1" branch-rate="1" complexity="1">
              <lines>
                <line number="9" hits="28" branch="False" />
              </lines>
            </method>
            <method name="get_CategoryId" signature="()" line-rate="1" branch-rate="1" complexity="1">
              <lines>
                <line number="10" hits="30" branch="False" />
              </lines>
            </method>
            <method name="get_Category" signature="()" line-rate="1" branch-rate="1" complexity="1">
              <lines>
                <line number="11" hits="36" branch="False" />
              </lines>
            </method>
            <method name="get_Code" signature="()" line-rate="1" branch-rate="1" complexity="1">
              <lines>
                <line number="12" hits="61" branch="False" />
              </lines>
            </method>
            <method name="get_Name" signature="()" line-rate="1" branch-rate="1" complexity="1">
              <lines>
                <line number="13" hits="64" branch="False" />
              </lines>
            </method>
            <method name="get_Cost" signature="()" line-rate="1" branch-rate="1" complexity="1">
              <lines>
                <line number="14" hits="22" branch="False" />
              </lines>
            </method>
            <method name="get_Price" signature="()" line-rate="1" branch-rate="1" complexity="1">
              <lines>
                <line number="15" hits="36" branch="False" />
              </lines>
            </method>
            <method name="get_ImageUrl" signature="()" line-rate="1" branch-rate="1" complexity="1">
              <lines>
                <line number="16" hits="49" branch="False" />
              </lines>
            </method>
            <method name="get_IsActive" signature="()" line-rate="1" branch-rate="1" complexity="1">
              <lines>
                <line number="17" hits="27" branch="False" />
              </lines>
            </method>
            <method name="get_IsTopping" signature="()" line-rate="1" branch-rate="1" complexity="1">
              <lines>
                <line number="18" hits="27" branch="False" />
              </lines>
            </method>
            <method name="get_ToppingMapping" signature="()" line-rate="1" branch-rate="1" complexity="1">
              <lines>
                <line number="20" hits="38" branch="False" />
              </lines>
            </method>
            <method name="get_Toppings" signature="()" line-rate="1" branch-rate="1" complexity="1">
              <lines>
                <line number="23" hits="11" branch="False" />
              </lines>
            </method>
            <method name=".ctor" signature="()" line-rate="1" branch-rate="1" complexity="1">
              <lines>
                <line number="25" hits="23" branch="False" />
                <line number="27" hits="18" branch="False" />
              </lines>
            </method>
            <method name=".ctor" signature="(System.Guid,System.String,System.Decimal,System.Boolean,System.Guid,TheCoffeeCream.Domain.Entities.Category,System.String,System.Decimal,System.String,System.Boolean,System.Collections.Generic.IEnumerable`1&lt;TheCoffeeCream.Domain.Entities.Product&gt;,System.String)" line-rate="1" branch-rate="0.9285" complexity="14">
              <lines>
                <line number="29" hits="17" branch="False" />
                <line number="30" hits="17" branch="False" />
                <line number="31" hits="18" branch="True" condition-coverage="100% (2/2)">
                  <conditions>
                    <condition number="87" type="jump" coverage="100%" />
                  </conditions>
                </line>
                <line number="32" hits="17" branch="True" condition-coverage="100% (2/2)">
                  <conditions>
                    <condition number="113" type="jump" coverage="100%" />
                  </conditions>
                </line>
                <line number="33" hits="15" branch="True" condition-coverage="50% (1/2)">
                  <conditions>
                    <condition number="144" type="jump" coverage="50%" />
                  </conditions>
                </line>
                <line number="35" hits="15" branch="False" />
                <line number="36" hits="15" branch="False" />
                <line number="37" hits="15" branch="False" />
                <line number="38" hits="15" branch="False" />
                <line number="39" hits="15" branch="False" />
                <line number="40" hits="15" branch="False" />
                <line number="41" hits="15" branch="True" condition-coverage="100% (2/2)">
                  <conditions>
                    <condition number="217" type="jump" coverage="100%" />
                  </conditions>
                </line>
                <line number="42" hits="15" branch="False" />
                <line number="43" hits="15" branch="True" condition-coverage="100% (2/2)">
                  <conditions>
                    <condition number="244" type="jump" coverage="100%" />
                  </conditions>
                </line>
                <line number="44" hits="15" branch="False" />
                <line number="45" hits="15" branch="True" condition-coverage="100% (2/2)">
                  <conditions>
                    <condition number="271" type="jump" coverage="100%" />
                  </conditions>
                </line>
                <line number="47" hits="15" branch="True" condition-coverage="100% (2/2)">
                  <conditions>
                    <condition number="292" type="jump" coverage="100%" />
                  </conditions>
                </line>
                <line number="48" hits="5" branch="False" />
                <line number="49" hits="15" branch="False" />
              </lines>
            </method>
          </methods>
          <lines>
            <line number="8" hits="54" branch="False" />
            <line number="9" hits="28" branch="False" />
            <line number="10" hits="30" branch="False" />
            <line number="11" hits="36" branch="False" />
            <line number="12" hits="61" branch="False" />
            <line number="13" hits="64" branch="False" />
            <line number="14" hits="22" branch="False" />
            <line number="15" hits="36" branch="False" />
            <line number="16" hits="49" branch="False" />
            <line number="17" hits="27" branch="False" />
            <line number="18" hits="27" branch="False" />
            <line number="20" hits="38" branch="False" />
            <line number="23" hits="11" branch="False" />
            <line number="25" hits="23" branch="False" />
            <line number="27" hits="18" branch="False" />
            <line number="29" hits="17" branch="False" />
            <line number="30" hits="17" branch="False" />
            <line number="31" hits="18" branch="True" condition-coverage="100% (2/2)">
              <conditions>
                <condition number="87" type="jump" coverage="100%" />
              </conditions>
            </line>
            <line number="32" hits="17" branch="True" condition-coverage="100% (2/2)">
              <conditions>
                <condition number="113" type="jump" coverage="100%" />
              </conditions>
            </line>
            <line number="33" hits="15" branch="True" condition-coverage="50% (1/2)">
              <conditions>
                <condition number="144" type="jump" coverage="50%" />
              </conditions>
            </line>
            <line number="35" hits="15" branch="False" />
            <line number="36" hits="15" branch="False" />
            <line number="37" hits="15" branch="False" />
            <line number="38" hits="15" branch="False" />
            <line number="39" hits="15" branch="False" />
            <line number="40" hits="15" branch="False" />
            <line number="41" hits="15" branch="True" condition-coverage="100% (2/2)">
              <conditions>
                <condition number="217" type="jump" coverage="100%" />
              </conditions>
            </line>
            <line number="42" hits="15" branch="False" />
            <line number="43" hits="15" branch="True" condition-coverage="100% (2/2)">
              <conditions>
                <condition number="244" type="jump" coverage="100%" />
              </conditions>
            </line>
            <line number="44" hits="15" branch="False" />
            <line number="45" hits="15" branch="True" condition-coverage="100% (2/2)">
              <conditions>
                <condition number="271" type="jump" coverage="100%" />
              </conditions>
            </line>
            <line number="47" hits="15" branch="True" condition-coverage="100% (2/2)">
              <conditions>
                <condition number="292" type="jump" coverage="100%" />
              </conditions>
            </line>
            <line number="48" hits="5" branch="False" />
            <line number="49" hits="15" branch="False" />
          </lines>
        </class>
        <class name="TheCoffeeCream.Domain.Entities.Shop" filename="TheCoffeeCream.Domain\Entities\Shop.cs" line-rate="1" branch-rate="1" complexity="16">
          <methods>
            <method name="get_Id" signature="()" line-rate="1" branch-rate="1" complexity="1">
              <lines>
                <line number="7" hits="16" branch="False" />
              </lines>
            </method>
            <method name="get_Code" signature="()" line-rate="1" branch-rate="1" complexity="1">
              <lines>
                <line number="8" hits="10" branch="False" />
              </lines>
            </method>
            <method name="get_Name" signature="()" line-rate="1" branch-rate="1" complexity="1">
              <lines>
                <line number="9" hits="11" branch="False" />
              </lines>
            </method>
            <method name="get_Address" signature="()" line-rate="1" branch-rate="1" complexity="1">
              <lines>
                <line number="10" hits="9" branch="False" />
              </lines>
            </method>
            <method name="get_PhoneNumber" signature="()" line-rate="1" branch-rate="1" complexity="1">
              <lines>
                <line number="11" hits="9" branch="False" />
              </lines>
            </method>
            <method name="get_Email" signature="()" line-rate="1" branch-rate="1" complexity="1">
              <lines>
                <line number="12" hits="9" branch="False" />
              </lines>
            </method>
            <method name="get_LogoUrl" signature="()" line-rate="1" branch-rate="1" complexity="1">
              <lines>
                <line number="13" hits="5" branch="False" />
              </lines>
            </method>
            <method name="get_TaxCode" signature="()" line-rate="1" branch-rate="1" complexity="1">
              <lines>
                <line number="14" hits="7" branch="False" />
              </lines>
            </method>
            <method name="get_SubscriptionPlan" signature="()" line-rate="1" branch-rate="1" complexity="1">
              <lines>
                <line number="15" hits="9" branch="False" />
              </lines>
            </method>
            <method name="get_VatRate" signature="()" line-rate="1" branch-rate="1" complexity="1">
              <lines>
                <line number="16" hits="5" branch="False" />
              </lines>
            </method>
            <method name="get_SurchargeRate" signature="()" line-rate="1" branch-rate="1" complexity="1">
              <lines>
                <line number="17" hits="5" branch="False" />
              </lines>
            </method>
            <method name="get_ServiceChargeRate" signature="()" line-rate="1" branch-rate="1" complexity="1">
              <lines>
                <line number="18" hits="5" branch="False" />
              </lines>
            </method>
            <method name="get_StartDate" signature="()" line-rate="1" branch-rate="1" complexity="1">
              <lines>
                <line number="19" hits="7" branch="False" />
              </lines>
            </method>
            <method name="get_ExpiryDate" signature="()" line-rate="1" branch-rate="1" complexity="1">
              <lines>
                <line number="20" hits="16" branch="False" />
              </lines>
            </method>
            <method name="get_IsActive" signature="()" line-rate="1" branch-rate="1" complexity="1">
              <lines>
                <line number="21" hits="17" branch="False" />
              </lines>
            </method>
            <method name="get_CreatedAt" signature="()" line-rate="1" branch-rate="1" complexity="1">
              <lines>
                <line number="22" hits="7" branch="False" />
              </lines>
            </method>
          </methods>
          <lines>
            <line number="7" hits="16" branch="False" />
            <line number="8" hits="10" branch="False" />
            <line number="9" hits="11" branch="False" />
            <line number="10" hits="9" branch="False" />
            <line number="11" hits="9" branch="False" />
            <line number="12" hits="9" branch="False" />
            <line number="13" hits="5" branch="False" />
            <line number="14" hits="7" branch="False" />
            <line number="15" hits="9" branch="False" />
            <line number="16" hits="5" branch="False" />
            <line number="17" hits="5" branch="False" />
            <line number="18" hits="5" branch="False" />
            <line number="19" hits="7" branch="False" />
            <line number="20" hits="16" branch="False" />
            <line number="21" hits="17" branch="False" />
            <line number="22" hits="7" branch="False" />
          </lines>
        </class>
        <class name="TheCoffeeCream.Domain.Entities.SubscriptionHistory" filename="TheCoffeeCream.Domain\Entities\SubscriptionHistory.cs" line-rate="1" branch-rate="1" complexity="9">
          <methods>
            <method name="get_Id" signature="()" line-rate="1" branch-rate="1" complexity="1">
              <lines>
                <line number="7" hits="4" branch="False" />
              </lines>
            </method>
            <method name="get_ShopId" signature="()" line-rate="1" branch-rate="1" complexity="1">
              <lines>
                <line number="8" hits="4" branch="False" />
              </lines>
            </method>
            <method name="get_PlanName" signature="()" line-rate="1" branch-rate="1" complexity="1">
              <lines>
                <line number="9" hits="5" branch="False" />
              </lines>
            </method>
            <method name="get_DurationDays" signature="()" line-rate="1" branch-rate="1" complexity="1">
              <lines>
                <line number="10" hits="2" branch="False" />
              </lines>
            </method>
            <method name="get_PurchaseDate" signature="()" line-rate="1" branch-rate="1" complexity="1">
              <lines>
                <line number="11" hits="4" branch="False" />
              </lines>
            </method>
            <method name="get_NewExpiryDate" signature="()" line-rate="1" branch-rate="1" complexity="1">
              <lines>
                <line number="12" hits="2" branch="False" />
              </lines>
            </method>
            <method name="get_Amount" signature="()" line-rate="1" branch-rate="1" complexity="1">
              <lines>
                <line number="13" hits="2" branch="False" />
              </lines>
            </method>
            <method name="get_Status" signature="()" line-rate="1" branch-rate="1" complexity="1">
              <lines>
                <line number="14" hits="4" branch="False" />
              </lines>
            </method>
            <method name="get_ShopName" signature="()" line-rate="1" branch-rate="1" complexity="1">
              <lines>
                <line number="15" hits="2" branch="False" />
              </lines>
            </method>
          </methods>
          <lines>
            <line number="7" hits="4" branch="False" />
            <line number="8" hits="4" branch="False" />
            <line number="9" hits="5" branch="False" />
            <line number="10" hits="2" branch="False" />
            <line number="11" hits="4" branch="False" />
            <line number="12" hits="2" branch="False" />
            <line number="13" hits="2" branch="False" />
            <line number="14" hits="4" branch="False" />
            <line number="15" hits="2" branch="False" />
          </lines>
        </class>
        <class name="TheCoffeeCream.Domain.Entities.User" filename="TheCoffeeCream.Domain\Entities\User.cs" line-rate="1" branch-rate="1" complexity="8">
          <methods>
            <method name="get_Id" signature="()" line-rate="1" branch-rate="1" complexity="1">
              <lines>
                <line number="5" hits="58" branch="False" />
              </lines>
            </method>
            <method name="get_ShopId" signature="()" line-rate="1" branch-rate="1" complexity="1">
              <lines>
                <line number="6" hits="98" branch="False" />
              </lines>
            </method>
            <method name="get_Email" signature="()" line-rate="1" branch-rate="1" complexity="1">
              <lines>
                <line number="7" hits="53" branch="False" />
              </lines>
            </method>
            <method name="get_Username" signature="()" line-rate="1" branch-rate="1" complexity="1">
              <lines>
                <line number="8" hits="58" branch="False" />
              </lines>
            </method>
            <method name="get_PasswordHash" signature="()" line-rate="1" branch-rate="1" complexity="1">
              <lines>
                <line number="9" hits="56" branch="False" />
              </lines>
            </method>
            <method name="get_Role" signature="()" line-rate="1" branch-rate="1" complexity="1">
              <lines>
                <line number="10" hits="98" branch="False" />
              </lines>
            </method>
            <method name="get_IsActive" signature="()" line-rate="1" branch-rate="1" complexity="1">
              <lines>
                <line number="11" hits="98" branch="False" />
              </lines>
            </method>
            <method name="get_LastLoginToken" signature="()" line-rate="1" branch-rate="1" complexity="1">
              <lines>
                <line number="12" hits="44" branch="False" />
              </lines>
            </method>
          </methods>
          <lines>
            <line number="5" hits="58" branch="False" />
            <line number="6" hits="98" branch="False" />
            <line number="7" hits="53" branch="False" />
            <line number="8" hits="58" branch="False" />
            <line number="9" hits="56" branch="False" />
            <line number="10" hits="98" branch="False" />
            <line number="11" hits="98" branch="False" />
            <line number="12" hits="44" branch="False" />
          </lines>
        </class>
      </classes>
    </package>
  </packages>
</coverage>